mktextfm ecrm1095
mktextfm ecrm1095
mktextfm ecrm1095
mktextfm ecrm1095
mktextfm ecrm1095
mktextfm ecrm1440
mktextfm ecbx1440
mktextfm ecrm1200
mktextfm ecbx1200
mktextfm ecbx1095
mktextfm ecti1200
mktextfm ecrm1000
mktextfm ecti1000
mktextfm ecti1095
mktextfm eccc1095
mktextfm ecrm2488
mktextfm ecbx2488
mktextfm ecxc1095
mktextfm ecrm2074
mktextfm ecbx2074
mktextfm ecbi1095
mktextfm ecrm0900
mktextfm ecrm0800
mktextfm ecbx0800
mktextfm ecrm0600
mktextfm ecbx0600
mktextfm ecbx1728
mktextfm ecrm1095
mktextfm ecrm1440
mktextfm ecbx1440
mktextfm ecrm1200
mktextfm ecbx1200
mktextfm ecbx1095
mktextfm ecti1200
mktextfm ecrm1000
mktextfm ecti1000
mktextfm ecti1095
mktextfm eccc1095
mktextfm ecrm2488
mktextfm ecbx2488
mktextfm ecxc1095
mktextfm ecrm2074
mktextfm ecbx2074
mktextfm ecbi1095
mktextfm ecrm0900
mktextfm ecrm0800
mktextfm ecbx0800
mktextfm ecrm0600
mktextfm ecbx0600
mktextfm ecbx1728
mktextfm ecrm1095
mktextfm ecrm1440
mktextfm ecbx1440
mktextfm ecrm1200
mktextfm ecbx1200
mktextfm ecbx1095
mktextfm ecti1200
mktextfm ecrm1000
mktextfm ecti1000
mktextfm ecti1095
mktextfm eccc1095
mktextfm ecrm2488
mktextfm ecbx2488
mktextfm ecxc1095
mktextfm ecrm2074
mktextfm ecbx2074
mktextfm ecbi1095
mktextfm ecrm0900
mktextfm ecrm0800
mktextfm ecbx0800
mktextfm ecrm0600
mktextfm ecbx0600
mktextfm ecbx1728
mktextfm ecrm1095
mktextfm ecrm1440
mktextfm ecbx1440
mktextfm ecrm1200
mktextfm ecbx1200
mktextfm ecbx1095
mktextfm ecti1200
mktextfm ecrm1000
mktextfm ecti1000
mktextfm ecti1095
mktextfm eccc1095
mktextfm ecrm2488
mktextfm ecbx2488
mktextfm ecxc1095
mktextfm ecrm2074
mktextfm ecbx2074
mktextfm ecbi1095
mktextfm ecrm0900
mktextfm ecrm0800
mktextfm ecbx0800
mktextfm ecrm0600
mktextfm ecbx0600
mktextfm ecbx1728
mktextfm ecrm1095
mktextfm ecrm1440
mktextfm ecbx1440
mktextfm ecrm1200
mktextfm ecbx1200
mktextfm ecbx1095
mktextfm ecti1200
mktextfm ecrm1000
mktextfm ecti1000
mktextfm ecti1095
mktextfm eccc1095
mktextfm ecrm2488
mktextfm ecbx2488
mktextfm ecxc1095
mktextfm ecrm2074
mktextfm ecbx2074
mktextfm ecbi1095
mktextfm ecrm0900
mktextfm ecrm0800
mktextfm ecbx0800
mktextfm ecrm0600
mktextfm ecbx0600
mktextfm ecbx1728
mktextfm ecrm1095
mktextfm ecrm1440
mktextfm ecbx1440
mktextfm ecrm1200
mktextfm ecbx1200
mktextfm ecbx1095
mktextfm ecti1200
mktextfm ecrm1000
mktextfm ecti1000
mktextfm ecti1095
mktextfm eccc1095
mktextfm ecrm2488
mktextfm ecbx2488
mktextfm ecxc1095
mktextfm ecrm2074
mktextfm ecbx2074
mktextfm ecbi1095
mktextfm ecrm0900
mktextfm ecrm0800
mktextfm ecbx0800
mktextfm ecrm0600
mktextfm ecbx0600
mktextfm ecbx1728
mktextfm ecrm1095
mktextfm ecrm1440
mktextfm ecbx1440
mktextfm ecrm1200
mktextfm ecbx1200
mktextfm ecbx1095
mktextfm ecti1200
mktextfm ecrm1000
mktextfm ecti1000
mktextfm ecti1095
mktextfm eccc1095
mktextfm ecrm2488
mktextfm ecbx2488
mktextfm ecxc1095
mktextfm ecrm2074
mktextfm ecbx2074
mktextfm ecbi1095
mktextfm ecrm0900
mktextfm ecrm0800
mktextfm ecbx0800
mktextfm ecrm0600
mktextfm ecbx0600
mktextfm ecbx1728
mktextfm ecrm1095
mktextfm ecrm1095
mktextfm ecrm1095
mktextfm ecrm1095
mktextfm ecrm1095
mktextfm ecrm1095
mktextfm ecrm1095
mktextfm ecrm1095
mktextfm ecrm1095
mktextfm ecrm1095
mktextfm ecrm1095
mktextfm ecrm1095
mktextfm ecrm1095
mktextfm ecrm1095
mktextfm ecrm1095
mktextfm ecrm1440
mktextfm ecbx1440
mktextfm ecrm1200
mktextfm ecbx1200
mktextfm ecbx1095
mktextfm ecti1200
mktextfm ecrm1000
mktextfm ecti1000
mktextfm ecti1095
mktextfm eccc1095
mktextfm ecrm2488
mktextfm ecbx2488
mktextfm ecxc1095
mktextfm ecrm2074
mktextfm ecbx2074
mktextfm ecbi1095
mktextfm ecrm0900
mktextfm ecrm0800
mktextfm ecbx0800
mktextfm ecrm0600
mktextfm ecbx0600
mktextfm ectt1095
mktextfm ecbx1728
mktextfm ecrm1095
mktextfm ecrm1440
mktextfm ecbx1440
mktextfm ecrm1200
mktextfm ecbx1200
mktextfm ecbx1095
mktextfm ecti1200
mktextfm ecrm1000
mktextfm ecti1000
mktextfm ecti1095
mktextfm eccc1095
mktextfm ecrm2488
mktextfm ecbx2488
mktextfm ecxc1095
mktextfm ecrm2074
mktextfm ecbx2074
mktextfm ecbi1095
mktextfm ecrm0900
mktextfm ecrm0800
mktextfm ecbx0800
mktextfm ecrm0600
mktextfm ecbx0600
mktextfm ectt1095
mktextfm ecbx1728
