\BOOKMARK [0][-]{chapter.1}{Introdução}{}% 1
\BOOKMARK [1][-]{section.1.1}{Contextualização}{chapter.1}% 2
\BOOKMARK [1][-]{section.1.2}{Definição do problema}{chapter.1}% 3
\BOOKMARK [1][-]{section.1.3}{Objetivos do projeto}{chapter.1}% 4
\BOOKMARK [1][-]{section.1.4}{Apresentação do manuscrito}{chapter.1}% 5
\BOOKMARK [0][-]{chapter.2}{Revisão Bibliográfica}{}% 6
\BOOKMARK [1][-]{section.2.1}{Processo de Soldagem GMAW}{chapter.2}% 7
\BOOKMARK [2][-]{subsection.2.1.1}{Fundamentos}{section.2.1}% 8
\BOOKMARK [2][-]{subsection.2.1.2}{Equipamentos}{section.2.1}% 9
\BOOKMARK [2][-]{subsection.2.1.3}{Monitoração dos parâmetros de soldagem}{section.2.1}% 10
\BOOKMARK [1][-]{section.2.2}{Processamento de imagens}{chapter.2}% 11
\BOOKMARK [2][-]{subsection.2.2.1}{Elementos de sistemas de processamento de imagens}{section.2.2}% 12
\BOOKMARK [2][-]{subsection.2.2.2}{Realce de imagens}{section.2.2}% 13
\BOOKMARK [2][-]{subsection.2.2.3}{Distorção de perspectiva}{section.2.2}% 14
\BOOKMARK [2][-]{subsection.2.2.4}{Detecção de cantos}{section.2.2}% 15
\BOOKMARK [1][-]{section.2.3}{Sistemas reconfiguráveis}{chapter.2}% 16
\BOOKMARK [2][-]{subsection.2.3.1}{História}{section.2.3}% 17
\BOOKMARK [1][-]{section.2.4}{Aspectos Gerais}{chapter.2}% 18
\BOOKMARK [1][-]{section.2.5}{Linguagens de Descrição de Hardware e VHDL}{chapter.2}% 19
\BOOKMARK [2][-]{subsection.2.5.1}{História do VHDL}{section.2.5}% 20
\BOOKMARK [2][-]{subsection.2.5.2}{Aspectos gerais da VHDL}{section.2.5}% 21
\BOOKMARK [2][-]{subsection.2.5.3}{Entidades}{section.2.5}% 22
\BOOKMARK [2][-]{subsection.2.5.4}{Bibliotecas e Pacotes}{section.2.5}% 23
\BOOKMARK [2][-]{subsection.2.5.5}{Sintetização}{section.2.5}% 24
\BOOKMARK [2][-]{subsection.2.5.6}{Simulação}{section.2.5}% 25
\BOOKMARK [1][-]{section.2.6}{Filtro de Kalman}{chapter.2}% 26
\BOOKMARK [1][-]{section.2.7}{VHDL}{chapter.2}% 27
\BOOKMARK [0][-]{chapter.3}{Desenvolvimento}{}% 28
\BOOKMARK [1][-]{section.3.1}{Introdução}{chapter.3}% 29
\BOOKMARK [1][-]{section.3.2}{Arquitetura geral}{chapter.3}% 30
\BOOKMARK [1][-]{section.3.3}{Identificação do ângulo da câmera e distorção de perspectiva}{chapter.3}% 31
\BOOKMARK [0][-]{chapter.4}{Resultados Experimentais}{}% 32
\BOOKMARK [1][-]{section.4.1}{Introdução}{chapter.4}% 33
\BOOKMARK [1][-]{section.4.2}{Avaliação do algoritmo de resolução da equação algébrica de Riccati}{chapter.4}% 34
\BOOKMARK [0][-]{chapter.5}{Conclusões}{}% 35
\BOOKMARK [0][-]{chapter.5}{REFERÊNCIAS BIBLIOGRÁFICAS}{}% 36
\BOOKMARK [0][-]{chapter*.12}{Anexos}{}% 37
\BOOKMARK [0][-]{appendix.A}{Diagramas Esquemáticos}{}% 38
\BOOKMARK [0][-]{appendix.B}{Descrição do conteúdo do CD}{}% 39
