This is pdfTeX, Version 3.1415926-2.5-1.40.14 (TeX Live 2013/Debian) (format=pdflatex 2015.10.14)  30 DEC 2015 22:42
entering extended mode
 restricted \write18 enabled.
 %&-line parsing enabled.
**relatorio.tex
(./relatorio.tex
LaTeX2e <2011/06/27>
Babel <3.9h> and hyphenation patterns for 2 languages loaded.
(/usr/share/texlive/texmf-dist/tex/latex/base/book.cls
Document Class: book 2007/10/19 v1.4h Standard LaTeX document class
(/usr/share/texlive/texmf-dist/tex/latex/base/bk11.clo
File: bk11.clo 2007/10/19 v1.4h Standard LaTeX file (size option)
)
\c@part=\count79
\c@chapter=\count80
\c@section=\count81
\c@subsection=\count82
\c@subsubsection=\count83
\c@paragraph=\count84
\c@subparagraph=\count85
\c@figure=\count86
\c@table=\count87
\abovecaptionskip=\skip41
\belowcaptionskip=\skip42
\bibindent=\dimen102
)
(/usr/share/texlive/texmf-dist/tex/latex/base/fontenc.sty
Package: fontenc 2005/09/27 v1.99g Standard LaTeX package

(/usr/share/texlive/texmf-dist/tex/latex/base/t1enc.def
File: t1enc.def 2005/09/27 v1.99g Standard LaTeX file
LaTeX Font Info:    Redeclaring font encoding T1 on input line 43.
))
(/usr/share/texlive/texmf-dist/tex/generic/babel/babel.sty
Package: babel 2013/12/03 3.9h The Babel package

(/home/rudrigus/texmf/tex/generic/babel-portuges/portuges.ldf
Language: portuges 2008/03/18 v1.2q Portuguese support from the babel system

(/usr/share/texlive/texmf-dist/tex/generic/babel/babel.def
File: babel.def 2013/12/03 3.9h Babel common definitions
\babel@savecnt=\count88
\U@D=\dimen103
)

Package babel Warning: No hyphenation patterns were preloaded for
(babel)                the language `Portuguese' into the format.
(babel)                Please, configure your TeX system to add them and
(babel)                rebuild the format. Now I will use the patterns
(babel)                preloaded for english instead on input line 55.

\l@portuges = a dialect from \language0
\l@brazilian = a dialect from \language\l@portuges 
Package babel Info: Making " an active character on input line 145.
)) (/usr/share/texlive/texmf-dist/tex/latex/graphics/epsfig.sty
Package: epsfig 1999/02/16 v1.7a (e)psfig emulation (SPQR)

(/usr/share/texlive/texmf-dist/tex/latex/graphics/graphicx.sty
Package: graphicx 1999/02/16 v1.0f Enhanced LaTeX Graphics (DPC,SPQR)

(/usr/share/texlive/texmf-dist/tex/latex/graphics/keyval.sty
Package: keyval 1999/03/16 v1.13 key=value parser (DPC)
\KV@toks@=\toks14
)
(/usr/share/texlive/texmf-dist/tex/latex/graphics/graphics.sty
Package: graphics 2009/02/05 v1.0o Standard LaTeX Graphics (DPC,SPQR)

(/usr/share/texlive/texmf-dist/tex/latex/graphics/trig.sty
Package: trig 1999/03/16 v1.09 sin cos tan (DPC)
)
(/usr/share/texlive/texmf-dist/tex/latex/latexconfig/graphics.cfg
File: graphics.cfg 2010/04/23 v1.9 graphics configuration of TeX Live
)
Package graphics Info: Driver file: pdftex.def on input line 91.

(/usr/share/texlive/texmf-dist/tex/latex/pdftex-def/pdftex.def
File: pdftex.def 2011/05/27 v0.06d Graphics/color for pdfTeX

(/usr/share/texlive/texmf-dist/tex/generic/oberdiek/infwarerr.sty
Package: infwarerr 2010/04/08 v1.3 Providing info/warning/error messages (HO)
)
(/usr/share/texlive/texmf-dist/tex/generic/oberdiek/ltxcmds.sty
Package: ltxcmds 2011/11/09 v1.22 LaTeX kernel commands for general use (HO)
)
\Gread@gobject=\count89
))
\Gin@req@height=\dimen104
\Gin@req@width=\dimen105
)
\epsfxsize=\dimen106
\epsfysize=\dimen107
)
(/usr/share/texlive/texmf-dist/tex/latex/oberdiek/epstopdf.sty
Package: epstopdf 2010/02/09 v2.5 Conversion with epstopdf on the fly (HO)

(/usr/share/texlive/texmf-dist/tex/latex/oberdiek/epstopdf-base.sty
Package: epstopdf-base 2010/02/09 v2.5 Base part for package epstopdf

(/usr/share/texlive/texmf-dist/tex/latex/oberdiek/grfext.sty
Package: grfext 2010/08/19 v1.1 Manage graphics extensions (HO)

(/usr/share/texlive/texmf-dist/tex/generic/oberdiek/kvdefinekeys.sty
Package: kvdefinekeys 2011/04/07 v1.3 Define keys (HO)
))
(/usr/share/texlive/texmf-dist/tex/latex/oberdiek/kvoptions.sty
Package: kvoptions 2011/06/30 v3.11 Key value format for package options (HO)

(/usr/share/texlive/texmf-dist/tex/generic/oberdiek/kvsetkeys.sty
Package: kvsetkeys 2012/04/25 v1.16 Key value parser (HO)

(/usr/share/texlive/texmf-dist/tex/generic/oberdiek/etexcmds.sty
Package: etexcmds 2011/02/16 v1.5 Avoid name clashes with e-TeX commands (HO)

(/usr/share/texlive/texmf-dist/tex/generic/oberdiek/ifluatex.sty
Package: ifluatex 2010/03/01 v1.3 Provides the ifluatex switch (HO)
Package ifluatex Info: LuaTeX not detected.
)
Package etexcmds Info: Could not find \expanded.
(etexcmds)             That can mean that you are not using pdfTeX 1.50 or
(etexcmds)             that some package has redefined \expanded.
(etexcmds)             In the latter case, load this package earlier.
)))
(/usr/share/texlive/texmf-dist/tex/generic/oberdiek/pdftexcmds.sty
Package: pdftexcmds 2011/11/29 v0.20 Utility functions of pdfTeX for LuaTeX (HO
)

(/usr/share/texlive/texmf-dist/tex/generic/oberdiek/ifpdf.sty
Package: ifpdf 2011/01/30 v2.3 Provides the ifpdf switch (HO)
Package ifpdf Info: pdfTeX in PDF mode is detected.
)
Package pdftexcmds Info: LuaTeX not detected.
Package pdftexcmds Info: \pdf@primitive is available.
Package pdftexcmds Info: \pdf@ifprimitive is available.
Package pdftexcmds Info: \pdfdraftmode found.
)
Package grfext Info: Graphics extension search list:
(grfext)             [.png,.pdf,.jpg,.mps,.jpeg,.jbig2,.jb2,.PNG,.PDF,.JPG,.JPE
G,.JBIG2,.JB2,.eps]
(grfext)             \AppendGraphicsExtensions on input line 452.

(/usr/share/texlive/texmf-dist/tex/latex/latexconfig/epstopdf-sys.cfg
File: epstopdf-sys.cfg 2010/07/13 v1.3 Configuration of (r)epstopdf for TeX Liv
e
)))
(/home/rudrigus/texmf/tex/latex/subfigure/subfigure.sty
Package: subfigure 2002/03/15 v2.1.5 subfigure package
\subfigtopskip=\skip43
\subfigcapskip=\skip44
\subfigcaptopadj=\dimen108
\subfigbottomskip=\skip45
\subfigcapmargin=\dimen109
\subfiglabelskip=\skip46
\c@subfigure=\count90
\c@lofdepth=\count91
\c@subtable=\count92
\c@lotdepth=\count93

****************************************
* Local config file subfigure.cfg used *
****************************************
(/home/rudrigus/texmf/tex/latex/subfigure/subfigure.cfg)
\subfig@top=\skip47
\subfig@bottom=\skip48
)
(/home/rudrigus/texmf/tex/latex/amsfonts/amsfonts.sty
Package: amsfonts 2013/01/14 v3.01 Basic AMSFonts support
\@emptytoks=\toks15
\symAMSa=\mathgroup4
\symAMSb=\mathgroup5
LaTeX Font Info:    Overwriting math alphabet `\mathfrak' in version `bold'
(Font)                  U/euf/m/n --> U/euf/b/n on input line 106.
)
(/usr/share/texlive/texmf-dist/tex/latex/amsmath/amsmath.sty
Package: amsmath 2013/01/14 v2.14 AMS math features
\@mathmargin=\skip49

For additional information on amsmath, use the `?' option.
(/usr/share/texlive/texmf-dist/tex/latex/amsmath/amstext.sty
Package: amstext 2000/06/29 v2.01

(/usr/share/texlive/texmf-dist/tex/latex/amsmath/amsgen.sty
File: amsgen.sty 1999/11/30 v2.0
\@emptytoks=\toks16
\ex@=\dimen110
))
(/usr/share/texlive/texmf-dist/tex/latex/amsmath/amsbsy.sty
Package: amsbsy 1999/11/29 v1.2d
\pmbraise@=\dimen111
)
(/usr/share/texlive/texmf-dist/tex/latex/amsmath/amsopn.sty
Package: amsopn 1999/12/14 v2.01 operator names
)
\inf@bad=\count94
LaTeX Info: Redefining \frac on input line 210.
\uproot@=\count95
\leftroot@=\count96
LaTeX Info: Redefining \overline on input line 306.
\classnum@=\count97
\DOTSCASE@=\count98
LaTeX Info: Redefining \ldots on input line 378.
LaTeX Info: Redefining \dots on input line 381.
LaTeX Info: Redefining \cdots on input line 466.
\Mathstrutbox@=\box26
\strutbox@=\box27
\big@size=\dimen112
LaTeX Font Info:    Redeclaring font encoding OML on input line 566.
LaTeX Font Info:    Redeclaring font encoding OMS on input line 567.
\macc@depth=\count99
\c@MaxMatrixCols=\count100
\dotsspace@=\muskip10
\c@parentequation=\count101
\dspbrk@lvl=\count102
\tag@help=\toks17
\row@=\count103
\column@=\count104
\maxfields@=\count105
\andhelp@=\toks18
\eqnshift@=\dimen113
\alignsep@=\dimen114
\tagshift@=\dimen115
\tagwidth@=\dimen116
\totwidth@=\dimen117
\lineht@=\dimen118
\@envbody=\toks19
\multlinegap=\skip50
\multlinetaggap=\skip51
\mathdisplay@stack=\toks20
LaTeX Info: Redefining \[ on input line 2665.
LaTeX Info: Redefining \] on input line 2666.
)
(/home/rudrigus/texmf/tex/latex/amsfonts/amssymb.sty
Package: amssymb 2013/01/14 v3.01 AMS font symbols
)
(/home/rudrigus/texmf/tex/latex/ntheorem/ntheorem.sty
Style `ntheorem', Version 1.33 <2011/08/15>
Package: ntheorem 2011/08/15 1.33
(/usr/share/texlive/texmf-dist/tex/latex/base/ifthen.sty
Package: ifthen 2001/05/26 v1.1c Standard LaTeX ifthen package (DPC)
)
\theorem@style=\toks21
\theorem@@style=\toks22
\theorembodyfont=\toks23
\theoremnumbering=\toks24
\theorempreskipamount=\skip52
\theorempostskipamount=\skip53
\theoremframepreskipamount=\skip54
\theoremframepostskipamount=\skip55
\theoreminframepreskipamount=\skip56
\theoreminframepostskipamount=\skip57
\theorem@preskip=\toks25
\theorem@postskip=\toks26
\theorem@framepreskip=\toks27
\theorem@framepostskip=\toks28
\theorem@inframepreskip=\toks29
\theorem@inframepostskip=\toks30
\theoremindent=\dimen119
\theorem@indent=\dimen120
\theoremrightindent=\dimen121
\theorem@rightindent=\dimen122
\theoremheaderfont=\toks31
\theoremseparator=\toks32
\theoremprework=\toks33
\theorempostwork=\toks34
\theoremsymbol=\toks35
\qedsymbol=\toks36
\theoremkeyword=\toks37
\qedsymbol=\toks38
\thm@topsep=\skip58
\thm@topsepadd=\skip59
Package ntheorem Info: Option `thmmarks' loaded on input line 1175.
\c@endNonectr=\count106
\c@currNonectr=\count107
\mysavskip=\skip60
Package ntheorem Info: option `amsmath' handling for `thmmarks' loaded on input
 line 1175.
\thm@amstmpdepth=\dimen123
\tagwidth=\dimen124
)
(/home/rudrigus/texmf/tex/latex/boxedminipage/boxedminipage.sty)
(/home/rudrigus/texmf/tex/latex/geometry/geometry.sty
Package: geometry 2010/09/12 v5.6 Page Geometry

(/usr/share/texlive/texmf-dist/tex/generic/oberdiek/ifvtex.sty
Package: ifvtex 2010/03/01 v1.5 Detect VTeX and its facilities (HO)
Package ifvtex Info: VTeX not detected.
)
(/usr/share/texlive/texmf-dist/tex/generic/ifxetex/ifxetex.sty
Package: ifxetex 2010/09/12 v0.6 Provides ifxetex conditional
)
\Gm@cnth=\count108
\Gm@cntv=\count109
\c@Gm@tempcnt=\count110
\Gm@bindingoffset=\dimen125
\Gm@wd@mp=\dimen126
\Gm@odd@mp=\dimen127
\Gm@even@mp=\dimen128
\Gm@layoutwidth=\dimen129
\Gm@layoutheight=\dimen130
\Gm@layouthoffset=\dimen131
\Gm@layoutvoffset=\dimen132
\Gm@dimlist=\toks39
)
(/usr/share/texlive/texmf-dist/tex/latex/tools/theorem.sty)
(/home/rudrigus/texmf/tex/latex/fancybox/fancybox.sty
Package: fancybox 2010/05/15 1.4

Style option: `fancybox' v1.4 <2010/05/15> (tvz)
\@fancybox=\box28
\shadowsize=\dimen133
\@Sbox=\box29
\do@VerbBox=\toks40
\the@fancyput=\toks41
\this@fancyput=\toks42
\EndVerbatimTokens=\toks43
\Verbatim@Outfile=\write3
\Verbatim@Infile=\read1
) (/home/rudrigus/texmf/tex/latex/fancyhdr/fancyhdr.sty
\fancy@headwidth=\skip61
\f@ncyO@elh=\skip62
\f@ncyO@erh=\skip63
\f@ncyO@olh=\skip64
\f@ncyO@orh=\skip65
\f@ncyO@elf=\skip66
\f@ncyO@erf=\skip67
\f@ncyO@olf=\skip68
\f@ncyO@orf=\skip69
)
(/usr/share/texlive/texmf-dist/tex/latex/url/url.sty
\Urlmuskip=\muskip11
Package: url 2013/09/16  ver 3.4  Verb mode for urls, etc.
)
(/usr/share/texlive/texmf-dist/tex/latex/tools/afterpage.sty
Package: afterpage 1995/10/27 v1.08 After-Page Package (DPC)
\AP@output=\toks44
\AP@partial=\box30
\AP@footins=\box31
)
(/usr/share/texlive/texmf-dist/tex/latex/graphics/color.sty
Package: color 2005/11/14 v1.0j Standard LaTeX Color (DPC)

(/usr/share/texlive/texmf-dist/tex/latex/latexconfig/color.cfg
File: color.cfg 2007/01/18 v1.5 color configuration of teTeX/TeXLive
)
Package color Info: Driver file: pdftex.def on input line 130.
)
(/usr/share/texlive/texmf-dist/tex/latex/colortbl/colortbl.sty
Package: colortbl 2012/02/13 v1.0a Color table columns (DPC)

(/usr/share/texlive/texmf-dist/tex/latex/tools/array.sty
Package: array 2008/09/09 v2.4c Tabular extension package (FMi)
\col@sep=\dimen134
\extrarowheight=\dimen135
\NC@list=\toks45
\extratabsurround=\skip70
\backup@length=\skip71
)
\everycr=\toks46
\minrowclearance=\skip72
)
(/usr/share/texlive/texmf-dist/tex/latex/rotating/rotating.sty
Package: rotating 2009/03/28 v2.16a rotated objects in LaTeX
\c@r@tfl@t=\count111
\rotFPtop=\skip73
\rotFPbot=\skip74
\rot@float@box=\box32
\rot@mess@toks=\toks47
)
(/usr/share/texlive/texmf-dist/tex/latex/base/makeidx.sty
Package: makeidx 2000/03/29 v1.0m Standard LaTeX package
)
(/usr/share/texlive/texmf-dist/tex/latex/tools/indentfirst.sty
Package: indentfirst 1995/11/23 v1.03 Indent first paragraph (DPC)
) (./ft2unb.sty
Package: ft2unb 2006/03/19 v1.0

(/usr/share/texlive/texmf-dist/tex/latex/eso-pic/eso-pic.sty
Package: eso-pic 2013/10/06 v2.0d eso-pic (RN)

(/usr/share/texlive/texmf-dist/tex/generic/oberdiek/atbegshi.sty
Package: atbegshi 2011/10/05 v1.16 At begin shipout hook (HO)
)))
\@indexfile=\write4
\openout4 = `relatorio.idx'.


Writing index file relatorio.idx
(./relatorio.aux (./resumos.aux) (./simbolos.aux) (./cap_Introducao.aux)
(./cap_RevisaoBibliografica.aux) (./cap_Desenvolvimento.aux)
(./cap_Experimentos.aux) (./cap_Conclusoes.aux) (./anexo_Esquematicos.aux)
(./anexo_CD.aux))
\openout1 = `relatorio.aux'.

LaTeX Font Info:    Checking defaults for OML/cmm/m/it on input line 49.
LaTeX Font Info:    ... okay on input line 49.
LaTeX Font Info:    Checking defaults for T1/cmr/m/n on input line 49.
LaTeX Font Info:    ... okay on input line 49.
LaTeX Font Info:    Checking defaults for OT1/cmr/m/n on input line 49.
LaTeX Font Info:    ... okay on input line 49.
LaTeX Font Info:    Checking defaults for OMS/cmsy/m/n on input line 49.
LaTeX Font Info:    ... okay on input line 49.
LaTeX Font Info:    Checking defaults for OMX/cmex/m/n on input line 49.
LaTeX Font Info:    ... okay on input line 49.
LaTeX Font Info:    Checking defaults for U/cmr/m/n on input line 49.
LaTeX Font Info:    ... okay on input line 49.
 (/usr/share/texlive/texmf-dist/tex/context/base/supp-pdf.mkii
[Loading MPS to PDF converter (version 2006.09.02).]
\scratchcounter=\count112
\scratchdimen=\dimen136
\scratchbox=\box33
\nofMPsegments=\count113
\nofMParguments=\count114
\everyMPshowfont=\toks48
\MPscratchCnt=\count115
\MPscratchDim=\dimen137
\MPnumerator=\count116
\makeMPintoPDFobject=\count117
\everyMPtoPDFconversion=\toks49
)
*geometry* driver: auto-detecting
*geometry* detected driver: pdftex
*geometry* verbose mode - [ preamble ] result:
* driver: pdftex
* paper: a4paper
* layout: <same size as paper>
* layoutoffset:(h,v)=(0.0pt,0.0pt)
* modes: 
* h-part:(L,W,R)=(66.57935pt, 464.34918pt, 66.57935pt)
* v-part:(T,H,B)=(56.9055pt, 686.7347pt, 101.40665pt)
* \paperwidth=597.50787pt
* \paperheight=845.04684pt
* \textwidth=464.34918pt
* \textheight=686.7347pt
* \oddsidemargin=-5.69046pt
* \evensidemargin=-5.69046pt
* \topmargin=-41.81825pt
* \headheight=12.0pt
* \headsep=14.45377pt
* \topskip=11.0pt
* \footskip=50.58878pt
* \marginparwidth=53.0pt
* \marginparsep=7.0pt
* \columnsep=10.0pt
* \skip\footins=10.0pt plus 4.0pt minus 2.0pt
* \hoffset=0.0pt
* \voffset=0.0pt
* \mag=1000
* \@twocolumnfalse
* \@twosidefalse
* \@mparswitchfalse
* \@reversemarginfalse
* (1in=72.27pt=25.4mm, 1cm=28.453pt)

\AtBeginShipoutBox=\box34
LaTeX Font Info:    Try loading font information for U+msa on input line 104.
(/home/rudrigus/texmf/tex/latex/amsfonts/umsa.fd
File: umsa.fd 2013/01/14 v3.01 AMS symbols A
)
LaTeX Font Info:    Try loading font information for U+msb on input line 104.

(/home/rudrigus/texmf/tex/latex/amsfonts/umsb.fd
File: umsb.fd 2013/01/14 v3.01 AMS symbols B
)
Package epstopdf Info: Source file: <figs/capa_fundo.eps>
(epstopdf)                    date: 2015-09-21 15:52:26
(epstopdf)                    size: 82841 bytes
(epstopdf)             Output file: <figs/capa_fundo-eps-converted-to.pdf>
(epstopdf)                    date: 2015-10-14 23:47:24
(epstopdf)                    size: 10733 bytes
(epstopdf)             Command: <repstopdf --outfile=figs/capa_fundo-eps-conver
ted-to.pdf figs/capa_fundo.eps>
(epstopdf)             \includegraphics on input line 104.
Package epstopdf Info: Output file is already uptodate.

<figs/capa_fundo-eps-converted-to.pdf, id=1, 813.0375pt x 1149.29375pt>
File: figs/capa_fundo-eps-converted-to.pdf Graphic file (type pdf)

<use figs/capa_fundo-eps-converted-to.pdf>
Package pdftex.def Info: figs/capa_fundo-eps-converted-to.pdf used on input lin
e 104.
(pdftex.def)             Requested size: 597.50787pt x 844.6594pt.
 [1


{/home/rudrigus/.texmf-var/fonts/map/pdftex/updmap/pdftex.map} <./figs/capa_fun
do-eps-converted-to.pdf>] [1

]
[1


] [1

]
\openout2 = `resumos.aux'.

 (./resumos.tex
LaTeX Font Info:    Try loading font information for OMS+cmr on input line 17.
 (/usr/share/texlive/texmf-dist/tex/latex/base/omscmr.fd
File: omscmr.fd 1999/05/25 v2.5h Standard LaTeX font definitions
)
LaTeX Font Info:    Font shape `OMS/cmr/m/n' in size <10.95> not available
(Font)              Font shape `OMS/cmsy/m/n' tried instead on input line 17.
) [1

] (./relatorio.toc [2


])
\tf@toc=\write5
\openout5 = `relatorio.toc'.

 [3] (./relatorio.lof)
\tf@lof=\write6
\openout6 = `relatorio.lof'.

 [4

] (./relatorio.lot)
\tf@lot=\write7
\openout7 = `relatorio.lot'.


[5

]
\openout2 = `simbolos.aux'.

 (./simbolos.tex) [6


]
\openout2 = `cap_Introducao.aux'.

 (./cap_Introducao.tex
Cap\'{\i }tulo 1.
[1




]) [2]
\openout2 = `cap_RevisaoBibliografica.aux'.

 (./cap_RevisaoBibliografica.tex
Cap\'{\i }tulo 2.

LaTeX Warning: Citation `book:intro_soldagem' on page 3 undefined on input line
 17.

<./Figuras/solda_gmaw.png, id=61, 377.41pt x 199.74625pt>
File: ./Figuras/solda_gmaw.png Graphic file (type png)

<use ./Figuras/solda_gmaw.png>
Package pdftex.def Info: ./Figuras/solda_gmaw.png used on input line 21.
(pdftex.def)             Requested size: 464.34918pt x 245.75957pt.


LaTeX Warning: `h' float specifier changed to `ht'.

[3



] [4 <./Figuras/solda_gmaw.png>]
<./Figuras/TochaEsquematico.jpg, id=69, 734.745pt x 363.3575pt>
File: ./Figuras/TochaEsquematico.jpg Graphic file (type jpg)

<use ./Figuras/TochaEsquematico.jpg>
Package pdftex.def Info: ./Figuras/TochaEsquematico.jpg used on input line 67.
(pdftex.def)             Requested size: 464.34918pt x 229.64273pt.
 [5 <./Figuras/TochaEsquematico.jpg>]
[6] <./Figuras/passos_fundamentais.jpg, id=77, 585.18625pt x 270.00874pt>
File: ./Figuras/passos_fundamentais.jpg Graphic file (type jpg)

<use ./Figuras/passos_fundamentais.jpg>
Package pdftex.def Info: ./Figuras/passos_fundamentais.jpg used on input line 1
37.
(pdftex.def)             Requested size: 409.62758pt x 189.00482pt.


LaTeX Warning: `h' float specifier changed to `ht'.

[7] [8 <./Figuras/passos_fundamentais.jpg>]
<Figuras/convolucao.png, id=85, 632.3625pt x 678.535pt>
File: Figuras/convolucao.png Graphic file (type png)

<use Figuras/convolucao.png>
Package pdftex.def Info: Figuras/convolucao.png used on input line 183.
(pdftex.def)             Requested size: 442.65074pt x 474.97125pt.


LaTeX Warning: `!h' float specifier changed to `!ht'.

<Figuras/ModeloPlanoCamera.jpg, id=86, 268.00125pt x 179.92218pt>
File: Figuras/ModeloPlanoCamera.jpg Graphic file (type jpg)

<use Figuras/ModeloPlanoCamera.jpg>
Package pdftex.def Info: Figuras/ModeloPlanoCamera.jpg used on input line 207.
(pdftex.def)             Requested size: 187.59958pt x 125.94466pt.

<Figuras/Modelo1DimCamera.jpg, id=87, 268.00125pt x 180.675pt>
File: Figuras/Modelo1DimCamera.jpg Graphic file (type jpg)

<use Figuras/Modelo1DimCamera.jpg>
Package pdftex.def Info: Figuras/Modelo1DimCamera.jpg used on input line 209.
(pdftex.def)             Requested size: 187.59958pt x 126.47162pt.


LaTeX Warning: `!h' float specifier changed to `!ht'.

[9] [10 <./Figuras/convolucao.png>] [11 <./Figuras/ModeloPlanoCamera.jpg> <./Fi
guras/Modelo1DimCamera.jpg>] [12] [13] [14]
<./Figuras/ep300.jpg, id=110, 401.5pt x 262.9825pt>
File: ./Figuras/ep300.jpg Graphic file (type jpg)
 <use ./Figuras/ep300.jpg>
Package pdftex.def Info: ./Figuras/ep300.jpg used on input line 472.
(pdftex.def)             Requested size: 464.34918pt x 304.16905pt.


LaTeX Warning: `h' float specifier changed to `ht'.


LaTeX Warning: Citation `freeman1989configurable' on page 15 undefined on input
 line 478.

[15] [16 <./Figuras/ep300.jpg>]
<./Figuras/esquemaCLB_FPGA.jpg, id=118, 694.595pt x 422.57875pt>
File: ./Figuras/esquemaCLB_FPGA.jpg Graphic file (type jpg)

<use ./Figuras/esquemaCLB_FPGA.jpg>
Package pdftex.def Info: ./Figuras/esquemaCLB_FPGA.jpg used on input line 510.
(pdftex.def)             Requested size: 464.34918pt x 282.51372pt.
LaTeX Font Info:    Try loading font information for T1+cmtt on input line 515.


(/usr/share/texlive/texmf-dist/tex/latex/base/t1cmtt.fd
File: t1cmtt.fd 1999/05/25 v2.5h Standard LaTeX font definitions
)
Overfull \hbox (327.82275pt too wide) in paragraph at lines 522--522
[]\T1/cmtt/m/n/10.95 https://www.google.com/patents/US8112466?dq=field+programm
able+gate+array+patent&hl=pt-BR&sa=X&ved=0CCQQ6AEwAWoVChMIwYequJ2VyAIVyA2QCh26I
w5V[] 
 []


Overfull \hbox (265.58067pt too wide) in paragraph at lines 522--522
[]\T1/cmtt/m/n/10.95 https://www.google.com/patents/US4870302?dq=freeman+1989+c
onfigurable&hl=pt-BR&sa=X&ved=0CBsQ6AEwAGoVChMI-O2cw5OVyAIVhoyQCh07Cgcw[] 
 []


Overfull \hbox (141.09651pt too wide) in paragraph at lines 522--522
[]\T1/cmtt/m/n/10.95 https://www.google.com.br/webhp?sourceid=chrome-instant&io
n=1&espv=2&ie=UTF-8&client=ubuntu#q=patent%20fpga[] 
 []

[17 <./Figuras/esquemaCLB_FPGA.jpg>] [18] [19] [20] [21]
<./Figuras/sintetizacao_VHDL.jpg, id=136, 746.01291pt x 559.50967pt>
File: ./Figuras/sintetizacao_VHDL.jpg Graphic file (type jpg)

<use ./Figuras/sintetizacao_VHDL.jpg>
Package pdftex.def Info: ./Figuras/sintetizacao_VHDL.jpg used on input line 699
.
(pdftex.def)             Requested size: 464.34918pt x 348.26694pt.


LaTeX Warning: `h' float specifier changed to `ht'.

[22]) [23 <./Figuras/sintetizacao_VHDL.jpg>]
\openout2 = `cap_Desenvolvimento.aux'.

 (./cap_Desenvolvimento.tex
Cap\'{\i }tulo 3.
[24



] [25] [26] [27]) [28]
\openout2 = `cap_Experimentos.aux'.

 (./cap_Experimentos.tex
Cap\'{\i }tulo 4.
) [29



] [30]
\openout2 = `cap_Conclusoes.aux'.

 (./cap_Conclusoes.tex
Cap\'{\i }tulo 5.
) [31



] (./relatorio.bbl
Underfull \hbox (badness 2326) in paragraph at lines 94--98
[]\T1/cmr/m/n/10.95 D'AMORE, R. \T1/cmr/m/it/10.95 VHDL: de-scriçao e sín-tese 
de cir-cuitos dig-i-tais\T1/cmr/m/n/10.95 . LTC, 2005. ISBN
 []

[32


]) [33]
\c@noAnexo=\count118
 [34

]
\openout2 = `anexo_Esquematicos.aux'.

 (./anexo_Esquematicos.tex
ANEXO I.
) [35


]
\openout2 = `anexo_CD.aux'.

 (./anexo_CD.tex
ANEXO II.
) [36



]
\tf@thm=\write8
\openout8 = `relatorio.thm'.

 (./relatorio.aux (./resumos.aux) (./simbolos.aux) (./cap_Introducao.aux) (./ca
p_RevisaoBibliografica.aux) (./cap_Desenvolvimento.aux)
(./cap_Experimentos.aux) (./cap_Conclusoes.aux) (./anexo_Esquematicos.aux)
(./anexo_CD.aux))

LaTeX Warning: There were undefined references.

 ) 
Here is how much of TeX's memory you used:
 5167 strings out of 495028
 69887 string characters out of 6181496
 157097 words of memory out of 5000000
 8129 multiletter control sequences out of 15000+600000
 27550 words of font info for 64 fonts, out of 8000000 for 9000
 14 hyphenation exceptions out of 8191
 42i,13n,43p,975b,331s stack positions out of 5000i,500n,10000p,200000b,80000s
 </home/rudrigus/.texmf-var/fonts/pk/ljfour/jknappen/ec/ecbx1728.600pk> </hom
e/rudrigus/.texmf-var/fonts/pk/ljfour/jknappen/ec/ectt1095.600pk> </home/rudrig
us/.texmf-var/fonts/pk/ljfour/jknappen/ec/ecrm0900.600pk> </home/rudrigus/.texm
f-var/fonts/pk/ljfour/jknappen/ec/ecbi1095.600pk> </home/rudrigus/.texmf-var/fo
nts/pk/ljfour/jknappen/ec/ecbx2074.600pk> </home/rudrigus/.texmf-var/fonts/pk/l
jfour/jknappen/ec/eccc1095.600pk> </home/rudrigus/.texmf-var/fonts/pk/ljfour/jk
nappen/ec/ecxc1095.600pk> </home/rudrigus/.texmf-var/fonts/pk/ljfour/jknappen/e
c/ecbx2488.600pk> </home/rudrigus/.texmf-var/fonts/pk/ljfour/jknappen/ec/ecrm10
95.600pk> </home/rudrigus/.texmf-var/fonts/pk/ljfour/jknappen/ec/ecti1095.600pk
> </home/rudrigus/.texmf-var/fonts/pk/ljfour/jknappen/ec/ecti1000.600pk> </home
/rudrigus/.texmf-var/fonts/pk/ljfour/jknappen/ec/ecrm1000.600pk> </home/rudrigu
s/.texmf-var/fonts/pk/ljfour/jknappen/ec/ecti1200.600pk> </home/rudrigus/.texmf
-var/fonts/pk/ljfour/jknappen/ec/ecrm1200.600pk> </home/rudrigus/.texmf-var/fon
ts/pk/ljfour/jknappen/ec/ecbx1095.600pk> </home/rudrigus/.texmf-var/fonts/pk/lj
four/jknappen/ec/ecbx1200.600pk> </home/rudrigus/.texmf-var/fonts/pk/ljfour/jkn
appen/ec/ecbx1440.600pk> </home/rudrigus/.texmf-var/fonts/pk/ljfour/jknappen/ec
/ecrm1440.600pk></home/rudrigus/texmf/fonts/type1/public/amsfonts/cm/cmex10.pfb
></home/rudrigus/texmf/fonts/type1/public/amsfonts/cm/cmmi10.pfb></home/rudrigu
s/texmf/fonts/type1/public/amsfonts/cm/cmmi8.pfb></home/rudrigus/texmf/fonts/ty
pe1/public/amsfonts/cm/cmr10.pfb></home/rudrigus/texmf/fonts/type1/public/amsfo
nts/cm/cmr8.pfb></home/rudrigus/texmf/fonts/type1/public/amsfonts/cm/cmsy10.pfb
>
Output written on relatorio.pdf (46 pages, 758766 bytes).
PDF statistics:
 1008 PDF objects out of 1200 (max. 8388607)
 196 compressed objects within 2 object streams
 0 named destinations out of 1000 (max. 500000)
 51 words of extra memory for PDF output out of 10000 (max. 10000000)

