EDA Netlist Writer report for ProcessadorImagemGMAW
Tue Dec  1 11:44:04 2015
Quartus II 64-Bit Version 13.0.1 Build 232 06/12/2013 Service Pack 1 SJ Web Edition


---------------------
; Table of Contents ;
---------------------
  1. Legal Notice
  2. EDA Netlist Writer Summary
  3. EDA Netlist Writer Messages



----------------
; Legal Notice ;
----------------
Copyright (C) 1991-2013 Altera Corporation
Your use of Altera Corporation's design tools, logic functions 
and other software and tools, and its AMPP partner logic 
functions, and any output files from any of the foregoing 
(including device programming or simulation files), and any 
associated documentation or information are expressly subject 
to the terms and conditions of the Altera Program License 
Subscription Agreement, Altera MegaCore Function License 
Agreement, or other applicable license agreement, including, 
without limitation, that your use is for the sole purpose of 
programming logic devices manufactured by Altera and sold by 
Altera or its authorized distributors.  Please refer to the 
applicable agreement for further details.



+-------------------------------------------------------------------+
; EDA Netlist Writer Summary                                        ;
+---------------------------+---------------------------------------+
; EDA Netlist Writer Status ; Successful - Tue Dec  1 11:44:04 2015 ;
; Revision Name             ; ProcessadorImagemGMAW                 ;
; Top-level Entity Name     ; ProcessadorImagemGMAW                 ;
; Family                    ; Cyclone IV GX                         ;
+---------------------------+---------------------------------------+


+-----------------------------+
; EDA Netlist Writer Messages ;
+-----------------------------+
Info: *******************************************************************
Info: Running Quartus II 64-Bit EDA Netlist Writer
    Info: Version 13.0.1 Build 232 06/12/2013 Service Pack 1 SJ Web Edition
    Info: Processing started: Tue Dec  1 11:44:03 2015
Info: Command: quartus_eda --read_settings_files=on --write_settings_files=off ProcessadorImagemGMAW -c ProcessadorImagemGMAW --gen_testbench
Info (119004): Automatically selected device EP4CGX15BF14C6 for design ProcessadorImagemGMAW
Info (201002): Generated VHDL Test Bench File /home/rudrigus/UNB/TG/Programas/FPGA/ProcessadorImagemGMAW/simulation/modelsim/ProcessadorImagemGMAW.vht for simulation
Info: Quartus II 64-Bit EDA Netlist Writer was successful. 0 errors, 0 warnings
    Info: Peak virtual memory: 857 megabytes
    Info: Processing ended: Tue Dec  1 11:44:04 2015
    Info: Elapsed time: 00:00:01
    Info: Total CPU time (on all processors): 00:00:01


